Log file open, 09/17/17 10:15:14
LogWindows: LoadLibraryWithSearchPaths failed for file aqProf.dll. GetLastError=0
LogWindows: LoadLibraryWithSearchPaths failed for file VtuneApi.dll. GetLastError=0
LogWindows: LoadLibraryWithSearchPaths failed for file VtuneApi32e.dll. GetLastError=0
LogInit: Display: Running engine for game: Implant
LogPlatformFile: Not using cached read wrapper
LogInit: Display: RandInit(-870767445) SRandInit(-870767444).
LogTaskGraph: Started task graph with 5 named threads and 14 total threads with 3 sets of task threads.
LogStats: Stats thread started at 0.171866
LogD3D11RHI: Aftermath initialized
LogPluginManager: Mounting plugin Paper2D
LogPluginManager: Mounting plugin LightPropagationVolume
LogPluginManager: Mounting plugin CodeLiteSourceCodeAccess
LogPluginManager: Mounting plugin GitSourceControl
LogPluginManager: Mounting plugin KDevelopSourceCodeAccess
LogPluginManager: Mounting plugin NullSourceCodeAccess
LogPluginManager: Mounting plugin PerforceSourceControl
LogPluginManager: Mounting plugin SubversionSourceControl
LogPluginManager: Mounting plugin UObjectPlugin
LogPluginManager: Mounting plugin VisualStudioSourceCodeAccess
LogPluginManager: Mounting plugin XCodeSourceCodeAccess
LogPluginManager: Mounting plugin AssetManagerEditor
LogPluginManager: Mounting plugin AudioCapture
LogPluginManager: Mounting plugin FacialAnimation
LogPluginManager: Mounting plugin GameplayTagsEditor
LogPluginManager: Mounting plugin MobileLauncherProfileWizard
LogPluginManager: Mounting plugin PluginBrowser
LogPluginManager: Mounting plugin SpeedTreeImporter
LogPluginManager: Mounting plugin AlembicImporter
LogPluginManager: Mounting plugin CharacterAI
LogPluginManager: Mounting plugin HTML5Networking
LogPluginManager: Mounting plugin AndroidMedia
LogPluginManager: Mounting plugin AvfMedia
LogPluginManager: Mounting plugin MediaPlayerEditor
LogPluginManager: Mounting plugin WmfMedia
LogPluginManager: Mounting plugin TcpMessaging
LogPluginManager: Mounting plugin UdpMessaging
LogPluginManager: Mounting plugin LevelSequenceEditor
LogPluginManager: Mounting plugin MatineeToLevelSequence
LogPluginManager: Mounting plugin OnlineSubsystemGooglePlay
LogPluginManager: Mounting plugin OnlineSubsystemIOS
LogPluginManager: Mounting plugin OnlineSubsystem
LogPluginManager: Mounting plugin OnlineSubsystemNull
LogPluginManager: Mounting plugin OnlineSubsystemUtils
LogPluginManager: Mounting plugin AndroidDeviceProfileSelector
LogPluginManager: Mounting plugin AndroidMoviePlayer
LogPluginManager: Mounting plugin AndroidPermission
LogPluginManager: Mounting plugin AppleMoviePlayer
LogPluginManager: Mounting plugin ArchVisCharacter
LogPluginManager: Mounting plugin CableComponent
LogPluginManager: Mounting plugin CustomMeshComponent
LogPluginManager: Mounting plugin ExampleDeviceProfileSelector
LogPluginManager: Mounting plugin GoogleCloudMessaging
LogPluginManager: Mounting plugin ImmediatePhysics
LogPluginManager: Mounting plugin IOSDeviceProfileSelector
LogPluginManager: Mounting plugin LinuxDeviceProfileSelector
LogPluginManager: Mounting plugin LocationServicesBPLibrary
LogPluginManager: Mounting plugin MobilePatchingUtils
LogPluginManager: Mounting plugin OculusVR
LogPluginManager: Mounting plugin PhysXVehicles
LogPluginManager: Mounting plugin ProceduralMeshComponent
LogPluginManager: Mounting plugin RuntimePhysXCooking
LogPluginManager: Mounting plugin SteamVR
LogPluginManager: Mounting plugin WindowsMoviePlayer
LogInit: Using libcurl 7.47.1
LogInit:  - built for x86_64-pc-win32
LogInit:  - supports SSL with OpenSSL/1.0.2g
LogInit:  - supports HTTP deflate (compression) using libz 1.2.8
LogInit:  - other features:
LogInit:      CURL_VERSION_SSL
LogInit:      CURL_VERSION_LIBZ
LogInit:      CURL_VERSION_IPV6
LogInit:      CURL_VERSION_ASYNCHDNS
LogInit:      CURL_VERSION_LARGEFILE
LogInit:      CURL_VERSION_IDN
LogInit:  CurlRequestOptions (configurable via config and command line):
LogInit:  - bVerifyPeer = false  - Libcurl will NOT verify peer certificate
LogInit:  - bUseHttpProxy = false  - Libcurl will NOT use HTTP proxy
LogInit:  - bDontReuseConnections = false  - Libcurl will reuse connections
LogInit:  - CertBundlePath = nullptr  - Libcurl will use whatever was configured at build time.
LogInit: Build: ++UE4+Release-4.17-CL-3586342
LogInit: Engine Version: 4.17.1-3586342+++UE4+Release-4.17
LogInit: Compatible Engine Version: 4.17.0-3573198+++UE4+Release-4.17
LogInit: Net CL: 3573198
LogDevObjectVersion: Number of dev versions registered: 16
LogDevObjectVersion:   Dev-Blueprints (B0D832E4-1F89-4F0D-ACCF-7EB736FD4AA2): 10
LogDevObjectVersion:   Dev-Build (E1C64328-A22C-4D53-A36C-8E866417BD8C): 0
LogDevObjectVersion:   Dev-Core (375EC13C-06E4-48FB-B500-84F0262A717E): 2
LogDevObjectVersion:   Dev-Editor (E4B068ED-F494-42E9-A231-DA0B2E46BB41): 20
LogDevObjectVersion:   Dev-Framework (CFFC743F-43B0-4480-9391-14DF171D2073): 28
LogDevObjectVersion:   Dev-Mobile (B02B49B5-BB20-44E9-A304-32B752E40360): 0
LogDevObjectVersion:   Dev-Networking (A4E4105C-59A1-49B5-A7C5-40C4547EDFEE): 0
LogDevObjectVersion:   Dev-Online (39C831C9-5AE6-47DC-9A44-9C173E1C8E7C): 0
LogDevObjectVersion:   Dev-Physics (78F01B33-EBEA-4F98-B9B4-84EACCB95AA2): 0
LogDevObjectVersion:   Dev-Platform (6631380F-2D4D-43E0-8009-CF276956A95A): 0
LogDevObjectVersion:   Dev-Rendering (12F88B9F-8875-4AFC-A67C-D90C383ABD29): 19
LogDevObjectVersion:   Dev-Sequencer (7B5AE74C-D270-4C10-A958-57980B212A5A): 4
LogDevObjectVersion:   Dev-VR (D7296918-1DD6-4BDD-9DE2-64A83CC13884): 0
LogDevObjectVersion:   Dev-LoadTimes (C2A15278-BFE7-4AFE-6C17-90FF531DF755): 1
LogDevObjectVersion:   Private-Geometry (6EACA3D4-40EC-4CC1-B786-8BED09428FC5): 1
LogDevObjectVersion:   Dev-AnimPhys (29E575DD-E0A3-4627-9D10-D276232CDCEA): 7
LogInit: Compiled (64-bit): Aug 15 2017 02:05:26
LogInit: Compiled with Visual C++: 19.00.24215.01
LogInit: Build Configuration: Development
LogInit: Branch Name: ++UE4+Release-4.17
LogInit: Command line:  
LogInit: Base directory: C:/Program Files/Epic Games/UE_4.17/Engine/Binaries/Win64/
LogInit: Installed Engine Build: 1
LogInit: Presizing for max 8388607 objects, including 0 objects not considered by GC, pre-allocating 0 bytes for permanent pool.
LogInit: Object subsystem initialized
[2017.09.17-16.15.15:795][  0]LogInit: Selected Device Profile: [Windows]
[2017.09.17-16.15.15:795][  0]LogInit: Applying CVar settings loaded from the selected device profile: [Windows]
[2017.09.17-16.15.15:806][  0]LogInit: Computer: HOOP-DESKTOP
[2017.09.17-16.15.15:806][  0]LogInit: User: scuho
[2017.09.17-16.15.15:806][  0]LogInit: CPU Page size=4096, Cores=4
[2017.09.17-16.15.15:806][  0]LogInit: High frequency timer resolution =3.897235 MHz
[2017.09.17-16.15.15:806][  0]LogMemory: Memory total: Physical=16.0GB (16GB approx)
[2017.09.17-16.15.15:806][  0]LogMemory: Platform Memory Stats for Windows
[2017.09.17-16.15.15:806][  0]LogMemory: Process Physical Memory: 280.26 MB used, 280.26 MB peak
[2017.09.17-16.15.15:806][  0]LogMemory: Process Virtual Memory: 283.43 MB used, 283.43 MB peak
[2017.09.17-16.15.15:806][  0]LogMemory: Physical Memory: 7235.93 MB used,  9101.33 MB free, 16337.25 MB total
[2017.09.17-16.15.15:806][  0]LogMemory: Virtual Memory: 676.00 MB used,  9101.33 MB free, 134217728.00 MB total
[2017.09.17-16.15.16:107][  0]LogInit: Using OS detected language (en-US).
[2017.09.17-16.15.16:107][  0]LogInit: Using OS detected locale (en-US).
[2017.09.17-16.15.16:112][  0]LogTextLocalizationManager: No specific localization for 'en-US' exists, so the 'en' localization will be used.
[2017.09.17-16.15.17:040][  0]LogD3D11RHI: D3D11 adapters:
[2017.09.17-16.15.17:634][  0]LogD3D11RHI:    0. 'NVIDIA GeForce GTX 1070' (Feature Level 11_0)
[2017.09.17-16.15.17:634][  0]LogD3D11RHI:       8085/0/8168 MB DedicatedVideo/DedicatedSystem/SharedSystem, Outputs:2, VendorId:0x10de
[2017.09.17-16.15.17:635][  0]LogD3D11RHI:    1. 'Microsoft Basic Render Driver' (Feature Level 11_0)
[2017.09.17-16.15.17:635][  0]LogD3D11RHI:       0/0/8168 MB DedicatedVideo/DedicatedSystem/SharedSystem, Outputs:0, VendorId:0x1414
[2017.09.17-16.15.17:635][  0]LogD3D11RHI: Chosen D3D11 Adapter: 0
[2017.09.17-16.15.17:643][  0]LogD3D11RHI: Creating new Direct3DDevice
[2017.09.17-16.15.17:643][  0]LogD3D11RHI:     GPU DeviceId: 0x1b81 (for the marketing name, search the web for "GPU Device Id")
[2017.09.17-16.15.17:643][  0]LogWindows: EnumDisplayDevices:
[2017.09.17-16.15.17:645][  0]LogWindows:    0. 'NVIDIA GeForce GTX 1070' (P:1 D:1)
[2017.09.17-16.15.17:646][  0]LogWindows:    1. 'NVIDIA GeForce GTX 1070' (P:0 D:1)
[2017.09.17-16.15.17:646][  0]LogWindows:    2. 'NVIDIA GeForce GTX 1070' (P:0 D:0)
[2017.09.17-16.15.17:647][  0]LogWindows:    3. 'NVIDIA GeForce GTX 1070' (P:0 D:0)
[2017.09.17-16.15.17:647][  0]LogWindows: DebugString: FoundDriverCount:4 
[2017.09.17-16.15.17:647][  0]LogD3D11RHI:     Adapter Name: NVIDIA GeForce GTX 1070
[2017.09.17-16.15.17:647][  0]LogD3D11RHI:   Driver Version: 384.94 (internal:22.21.13.8494, unified:384.94)
[2017.09.17-16.15.17:647][  0]LogD3D11RHI:      Driver Date: 7-18-2017
[2017.09.17-16.15.17:647][  0]LogRHI: Texture pool is 1361 MB (70% of 1945 MB)
[2017.09.17-16.15.18:195][  0]LogD3D11RHI: Async texture creation enabled
[2017.09.17-16.15.18:269][  0]LogD3D11RHI: GPU Timing Frequency: 1000.000000 (Debug: 2 1)
[2017.09.17-16.15.18:326][  0]LogShaderCompilers: Guid format shader working directory is 12 characters bigger than the processId version (../../../../../../Implant/Implant/Intermediate/Shaders/WorkingDirectory/22384/).
[2017.09.17-16.15.18:326][  0]LogShaderCompilers: Cleaned the shader compiler working directory 'C:/Users/scuho/AppData/Local/Temp/UnrealShaderWorkingDir/00638A7B402AE8109B906BB49BC9FF1D/'.
[2017.09.17-16.15.18:326][  0]LogShaderCompilers: Display: Using Local Shader Compiler.
[2017.09.17-16.15.19:523][  0]LogTemp: Display: Loaded TP AllDesktopTargetPlatform
[2017.09.17-16.15.19:575][  0]LogTemp: Display: Loaded TP MacClientTargetPlatform
[2017.09.17-16.15.19:627][  0]LogTemp: Display: Loaded TP MacNoEditorTargetPlatform
[2017.09.17-16.15.19:680][  0]LogTemp: Display: Loaded TP MacServerTargetPlatform
[2017.09.17-16.15.19:733][  0]LogTemp: Display: Loaded TP MacTargetPlatform
[2017.09.17-16.15.19:786][  0]LogTemp: Display: Loaded TP WindowsClientTargetPlatform
[2017.09.17-16.15.19:844][  0]LogTemp: Display: Loaded TP WindowsNoEditorTargetPlatform
[2017.09.17-16.15.19:904][  0]LogTemp: Display: Loaded TP WindowsServerTargetPlatform
[2017.09.17-16.15.19:956][  0]LogTemp: Display: Loaded TP WindowsTargetPlatform
[2017.09.17-16.15.20:010][  0]LogTemp: Display: Loaded TP AndroidTargetPlatform
[2017.09.17-16.15.20:063][  0]LogTemp: Display: Loaded TP Android_ASTCTargetPlatform
[2017.09.17-16.15.20:118][  0]LogTemp: Display: Loaded TP Android_ATCTargetPlatform
[2017.09.17-16.15.20:173][  0]LogTemp: Display: Loaded TP Android_DXTTargetPlatform
[2017.09.17-16.15.20:224][  0]LogTemp: Display: Loaded TP Android_ETC1TargetPlatform
[2017.09.17-16.15.20:276][  0]LogTemp: Display: Loaded TP Android_ETC2TargetPlatform
[2017.09.17-16.15.20:380][  0]LogTemp: Display: Loaded TP Android_MultiTargetPlatform
[2017.09.17-16.15.20:380][  0]LogTemp: Display: Loaded TP Android_PVRTCTargetPlatform
[2017.09.17-16.15.20:424][  0]LogTemp: Display: Loaded TP HTML5TargetPlatform
[2017.09.17-16.15.20:523][  0]LogTemp: Display: Loaded TP IOSTargetPlatform
[2017.09.17-16.15.20:556][  0]LogTemp: Display: Loaded TP TVOSTargetPlatform
[2017.09.17-16.15.20:610][  0]LogTemp: Display: Loaded TP LinuxClientTargetPlatform
[2017.09.17-16.15.20:660][  0]LogTemp: Display: Loaded TP LinuxNoEditorTargetPlatform
[2017.09.17-16.15.20:711][  0]LogTemp: Display: Loaded TP LinuxServerTargetPlatform
[2017.09.17-16.15.20:765][  0]LogTemp: Display: Loaded TP LinuxTargetPlatform
[2017.09.17-16.15.20:765][  0]LogTargetPlatformManager: Display: Building Assets For Windows
[2017.09.17-16.15.21:300][  0]LogDerivedDataCache: Display: Max Cache Size: 512 MB
[2017.09.17-16.15.21:400][  0]LogDerivedDataCache: Loaded boot cache 0.10s 93MB C:/Users/scuho/AppData/Local/UnrealEngine/4.17/DerivedDataCache/Boot.ddc.
[2017.09.17-16.15.21:400][  0]LogDerivedDataCache: Display: Loaded Boot cache: C:/Users/scuho/AppData/Local/UnrealEngine/4.17/DerivedDataCache/Boot.ddc
[2017.09.17-16.15.21:400][  0]LogDerivedDataCache: FDerivedDataBackendGraph:  Pak pak cache file ../../../../../../Implant/Implant/DerivedDataCache/DDC.ddp not found, will not use a pak cache.
[2017.09.17-16.15.21:400][  0]LogDerivedDataCache: Unable to find inner node Pak for hierarchical cache Hierarchy.
[2017.09.17-16.15.21:400][  0]LogDerivedDataCache: FDerivedDataBackendGraph:  CompressedPak pak cache file ../../../../../../Implant/Implant/DerivedDataCache/Compressed.ddp not found, will not use a pak cache.
[2017.09.17-16.15.21:400][  0]LogDerivedDataCache: Unable to find inner node CompressedPak for hierarchical cache Hierarchy.
[2017.09.17-16.15.21:415][  0]LogDerivedDataCache: Display: Pak cache opened for reading ../../../Engine/DerivedDataCache/Compressed.ddp.
[2017.09.17-16.15.21:427][  0]LogDerivedDataCache: Using Local data cache path C:/Users/scuho/AppData/Local/UnrealEngine/Common/DerivedDataCache: Writable
[2017.09.17-16.15.21:437][  0]LogMaterial: Verifying Global Shaders for PCD3D_SM5
[2017.09.17-16.15.21:438][  0]LogSlate: Using Freetype 2.6.0
[2017.09.17-16.15.21:438][  0]LogSlate: SlateFontCache - WITH_FREETYPE: 1, WITH_HARFBUZZ: 1
[2017.09.17-16.15.21:438][  0]LogSlate: SlateFontCache - WITH_FREETYPE: 1, WITH_HARFBUZZ: 1
[2017.09.17-16.15.21:689][  0]LogAssetRegistry: FAssetRegistry took 0.0258 seconds to start up
[2017.09.17-16.15.21:804][  0]LogInit: Selected Device Profile: [Windows]
[2017.09.17-16.15.22:209][  0]LogSimplygon: Simplygon DLL not present - disabling.
[2017.09.17-16.15.22:253][  0]LogMeshReduction: Using SimplygonSwarm for distributed automatic mesh merging
[2017.09.17-16.15.22:253][  0]LogMeshReduction: Using QuadricMeshReduction for automatic static mesh reduction
[2017.09.17-16.15.22:253][  0]LogMeshReduction: No automatic skeletal mesh reduction module available
[2017.09.17-16.15.22:253][  0]LogMeshReduction: No automatic mesh merging module available
[2017.09.17-16.15.22:253][  0]LogMeshMerging: No automatic mesh merging module available
[2017.09.17-16.15.22:255][  0]LogContentStreaming: Texture pool size is 0.00 MB
[2017.09.17-16.15.22:727][  0]LogNetVersion: Implant , NetCL: 3573198, EngineNetVer: 2, GameNetVer: 0 (Checksum: 766320878)
[2017.09.17-16.15.22:951][  0]LogPackageLocalizationCache: Processed 5 localized package path(s) for 2 prioritized culture(s) in 0.042658 seconds
[2017.09.17-16.15.22:956][  0]LogUObjectArray: 35825 objects as part of root set at end of initial load.
[2017.09.17-16.15.22:956][  0]LogUObjectAllocator: 7529104 out of 0 bytes used by permanent object pool.
[2017.09.17-16.15.22:956][  0]LogUObjectArray: CloseDisregardForGC: 0/0 objects in disregard for GC pool
[2017.09.17-16.15.23:020][  0]LogInit: WinSock: version 1.1 (2.2), MaxSocks=32767, MaxUdp=65467
[2017.09.17-16.15.25:823][  0]LogTcpMessaging: Initializing TcpMessaging bridge
[2017.09.17-16.15.25:862][  0]LogUdpMessaging: Initializing bridge on interface 0.0.0.0:0 to multicast group 230.0.0.1:6666.
[2017.09.17-16.15.26:744][  0]LogMaterial: Uniform references updated for custom material expression Custom.
[2017.09.17-16.15.27:185][  0]SourceControl: Source control is disabled
[2017.09.17-16.15.27:185][  0]SourceControl: Source control is disabled
[2017.09.17-16.15.27:237][  0]SourceControl: Source control is disabled
[2017.09.17-16.15.27:286][  0]SourceControl: Source control is disabled
[2017.09.17-16.15.27:907][  0]LogAndroidPermission: UAndroidPermissionCallbackProxy::GetInstance
[2017.09.17-16.15.28:184][  0]LogOcInput: OculusInput pre-init called
[2017.09.17-16.15.28:459][  0]LogEngine: Initializing Engine...
[2017.09.17-16.15.28:461][  0]LogHMD: Failed to initialize OpenVR with code 110
[2017.09.17-16.15.28:676][  0]LogStats: UGameplayTagsManager::ConstructGameplayTagTree: Construct from data asset -  0.000 s
[2017.09.17-16.15.28:676][  0]LogStats: UGameplayTagsManager::ConstructGameplayTagTree: GameplayTagTreeChangedEvent.Broadcast -  0.000 s
[2017.09.17-16.15.28:833][  0]LogAIModule: Creating AISystem for world Untitled
[2017.09.17-16.15.28:843][  0]LogInit: XAudio2 using 'Speakers (Sound Blaster Recon3Di)' : 2 channels at 48 kHz using 32 bits per sample (channel mask 0x3)
[2017.09.17-16.15.28:855][  0]LogInit: FAudioDevice initialized.
[2017.09.17-16.15.28:945][  0]LogDerivedDataCache: Saved boot cache 0.09s 93MB C:/Users/scuho/AppData/Local/UnrealEngine/4.17/DerivedDataCache/Boot.ddc.
[2017.09.17-16.15.28:958][  0]LogInit: Texture streaming: Enabled
[2017.09.17-16.15.29:085][  0]LogEngineSessionManager: EngineSessionManager initialized
[2017.09.17-16.15.29:350][  0]LogInit: Transaction tracking system initialized
[2017.09.17-16.15.29:689][  0]BlueprintLog: New page: Editor Load
[2017.09.17-16.15.30:717][  0]LocalizationService: Localization service is disabled
[2017.09.17-16.15.31:510][  0]LogConsoleResponse: Display: 
[2017.09.17-16.15.31:686][  0]LogCook: Display: Max memory allowance for cook 16384mb min free memory 0mb
[2017.09.17-16.15.31:686][  0]LogCook: Display: Mobile HDR setting 1
[2017.09.17-16.15.31:686][  0]LogGameplayTags: Display: UGameplayTagsManager::DoneAddingNativeTags. DelegateIsBound: 0
[2017.09.17-16.15.31:747][  0]LogFileCache: Scanning file cache for directory 'C:/Implant/Implant/Content/' took 0.02s
[2017.09.17-16.15.32:814][  0]SourceControl: Source control is disabled
[2017.09.17-16.15.32:815][  0]Cmd: MAP LOAD FILE="../../../../../../Implant/Implant/Content/FirstPersonCPP/Maps/FirstPersonExampleMap.umap" TEMPLATE=0 SHOWPROGRESS=1 FEATURELEVEL=3
[2017.09.17-16.15.32:815][  0]LightingResults: New page: Lighting Build
[2017.09.17-16.15.32:861][  0]MapCheck: New page: Map Check
[2017.09.17-16.15.32:861][  0]LightingResults: New page: Lighting Build
[2017.09.17-16.15.33:018][  0]LogAIModule: Creating AISystem for world FirstPersonExampleMap
[2017.09.17-16.15.33:028][  0]LogEditorServer: Finished looking for orphan Actors (0.000 secs)
[2017.09.17-16.15.33:054][  0]Cmd: MAP CHECKDEP NOCLEARLOG
[2017.09.17-16.15.33:113][  0]MapCheck: Map check complete: 0 Error(s), 0 Warning(s), took 58.849ms to complete.
[2017.09.17-16.15.33:113][  0]LogFileHelpers: Loading map 'FirstPersonExampleMap' took 0.299
[2017.09.17-16.15.33:539][  0]LogCollectionManager: Loaded 0 collections in 0.001611 seconds
[2017.09.17-16.15.33:636][  0]LogFileCache: Scanning file cache for directory 'C:/Implant/Implant/Saved/Collections/' took 0.01s
[2017.09.17-16.15.33:636][  0]LogFileCache: Scanning file cache for directory 'C:/Implant/Implant/Content/Developers/scuho/Collections/' took 0.01s
[2017.09.17-16.15.33:636][  0]LogFileCache: Scanning file cache for directory 'C:/Implant/Implant/Content/Collections/' took 0.01s
[2017.09.17-16.15.33:636][  0]LogCollectionManager: Rebuilt the GUID cache for 0 collections in 0.000001 seconds
[2017.09.17-16.15.33:645][  0]LogContentBrowser: Native class hierarchy populated in 0.0091 seconds. Added 2390 classes and 502 folders.
[2017.09.17-16.15.33:715][  0]LogContentBrowser: Native class hierarchy updated for 'WidgetCarousel' in 0.0012 seconds. Added 0 classes and 0 folders.
[2017.09.17-16.15.33:750][  0]LogContentBrowser: Native class hierarchy updated for 'AddContentDialog' in 0.0012 seconds. Added 0 classes and 0 folders.
[2017.09.17-16.15.33:800][  0]LogContentBrowser: Native class hierarchy updated for 'SceneOutliner' in 0.0017 seconds. Added 1 classes and 2 folders.
[2017.09.17-16.15.33:863][  0]LogSlate: Took 0.000185 seconds to synchronously load lazily loaded font '../../../Engine/Content/Slate/Fonts/Roboto-Regular.ttf' (155K)
[2017.09.17-16.15.33:865][  0]LogSlate: Took 0.000113 seconds to synchronously load lazily loaded font '../../../Engine/Content/Slate/Fonts/Roboto-Bold.ttf' (160K)
[2017.09.17-16.15.33:868][  0]LogSlate: Took 0.000118 seconds to synchronously load lazily loaded font '../../../Engine/Content/Editor/Slate/Fonts/FontAwesome.ttf' (139K)
[2017.09.17-16.15.33:962][  0]LogRenderer: Reallocating scene render targets to support 1616x808 Format 10 NumSamples 1 (Frame:1).
[2017.09.17-16.15.34:176][  0]LogContentBrowser: Native class hierarchy updated for 'HierarchicalLODOutliner' in 0.0012 seconds. Added 1 classes and 2 folders.
[2017.09.17-16.15.34:176][  0]LogLoad: (Engine Initialization) Total time: 20.90 seconds
[2017.09.17-16.15.34:176][  0]LogLoad: (Engine Initialization) Total Blueprint compile time: 0.00 seconds
[2017.09.17-16.15.34:176][  0]LogExternalProfiler: Found external profiler: VSPerf
[2017.09.17-16.15.34:176][  0]LogExternalProfiler: Using external profiler: VSPerf
[2017.09.17-16.15.34:212][  0]LogWindowsTextInputMethodSystem: Display: IME system now deactivated.
[2017.09.17-16.15.34:300][  0]LogContentStreaming: Texture pool size now 1000 MB
[2017.09.17-16.15.34:401][  1]LogAssetRegistry: Asset discovery search completed in 12.7343 seconds
[2017.09.17-16.15.34:404][  1]LogCollectionManager: Rebuilt the object cache for 0 collections in 0.000001 seconds (found 0 objects)
[2017.09.17-16.15.34:404][  1]LogCollectionManager: Fixed up redirectors for 0 collections in 0.000069 seconds (updated 0 objects)
[2017.09.17-16.15.52:291][  0]LogSlate: Took 0.001225 seconds to synchronously load lazily loaded font '../../../Engine/Content/Slate/Fonts/Roboto-Light.ttf' (159K)
[2017.09.17-16.15.53:490][  0]LogRenderer: Reallocating scene render targets to support 1912x1284 Format 10 NumSamples 1 (Frame:1).
[2017.09.17-16.18.30:527][429]LogSlate: Took 0.000304 seconds to synchronously load lazily loaded font '../../../Engine/Content/Slate/Fonts/Roboto-Regular.ttf' (155K)
[2017.09.17-16.18.30:994][429]LogContentBrowser: Native class hierarchy updated for 'BlueprintGraph' in 0.0020 seconds. Added 113 classes and 0 folders.
[2017.09.17-16.18.40:184][846]LogSlate: Took 0.000219 seconds to synchronously load lazily loaded font '../../../Engine/Content/Slate/Fonts/Roboto-Light.ttf' (159K)
[2017.09.17-16.19.16:825][354]LogSlate: Took 0.001193 seconds to synchronously load lazily loaded font '../../../Engine/Content/Editor/Slate/Fonts/Roboto-BoldCondensed.ttf' (158K)
[2017.09.17-16.19.38:744][570]LogContentBrowser: Native class hierarchy updated for 'SkeletonEditor' in 0.0017 seconds. Added 1 classes and 2 folders.
[2017.09.17-16.19.38:791][570]LogActorComponent: RegisterComponentWithWorld: (/Engine/Transient.World_9:PersistentLevel.Actor_0.DebugSkelMeshComponent_0) Already registered. Aborting.
[2017.09.17-16.19.39:663][570]LogContentBrowser: Native class hierarchy updated for 'ClothingSystemEditorInterface' in 0.0014 seconds. Added 1 classes and 0 folders.
[2017.09.17-16.30.32:672][128]LogSlate: Took 0.001101 seconds to synchronously load lazily loaded font '../../../Engine/Content/Editor/Slate/Fonts/Roboto-Italic.ttf' (157K)
[2017.09.17-16.38.28:925][303]LogTexture: Display: Building textures: Texture2D_2 (G8, 128X128)
[2017.09.17-16.38.31:229][376]LogActorComponent: UnregisterComponent: (/Engine/Transient.SphereBrushComponent) Not registered. Aborting.
[2017.09.17-16.38.33:805][466]LogActorComponent: UnregisterComponent: (/Engine/Transient.SphereBrushComponent) Not registered. Aborting.
[2017.09.17-16.38.33:808][466]LogTexture: Display: Building textures: Texture2D_3 (G8, 128X128)
[2017.09.17-16.44.29:581][531]LogSavePackage: Save=80.45ms
[2017.09.17-16.44.29:581][531]LogSavePackage: Moving '../../../../../../Implant/Implant/Saved/FirstPersonExampleMap_Auto1092A9996436A45E8719D3D99C6B4D292.tmp' to '../../../../../../Implant/Implant/Saved/Autosaves/Game/FirstPersonCPP/Maps/FirstPersonExampleMap_Auto1.umap'
[2017.09.17-16.44.29:583][531]LogSavePackage: Display: Finished SavePackage ../../../../../../Implant/Implant/Saved/Autosaves/Game/FirstPersonCPP/Maps/FirstPersonExampleMap_Auto1.umap
[2017.09.17-16.44.29:585][531]LogFileHelpers: Editor autosave (incl. sublevels) for '/Game/FirstPersonCPP/Maps/FirstPersonExampleMap' took 0.129
[2017.09.17-16.44.29:585][531]LogFileHelpers: Editor autosave (incl. sublevels) for all levels took 0.129
[2017.09.17-16.44.29:597][531]OBJ SavePackage: Generating thumbnails for [1] asset(s) in package [/Game/ChamferModels/AKM/WPN_AKM_WPN_AKM] ([1] browsable assets)...
[2017.09.17-16.44.29:621][531]OBJ SavePackage:     Rendered thumbnail for [StaticMesh /Game/ChamferModels/AKM/WPN_AKM_WPN_AKM.WPN_AKM_WPN_AKM]
[2017.09.17-16.44.29:621][531]OBJ SavePackage: Finished generating thumbnails for package [/Game/ChamferModels/AKM/WPN_AKM_WPN_AKM]
[2017.09.17-16.44.29:636][531]LogSavePackage: Save=10.44ms
[2017.09.17-16.44.29:636][531]LogSavePackage: Moving '../../../../../../Implant/Implant/Saved/WPN_AKM_WPN_AKM_Auto1C6F60A314F3EAA274C495E9A2D427ED9.tmp' to '../../../../../../Implant/Implant/Saved/Autosaves/Game/ChamferModels/AKM/WPN_AKM_WPN_AKM_Auto1.uasset'
[2017.09.17-16.44.29:637][531]LogSavePackage: Display: Finished SavePackage ../../../../../../Implant/Implant/Saved/Autosaves/Game/ChamferModels/AKM/WPN_AKM_WPN_AKM_Auto1.uasset
[2017.09.17-16.44.29:637][531]LogFileHelpers: Auto-saving content packages took 0.041
[2017.09.17-16.54.44:127][378]LogFileHelpers: Editor autosave (incl. sublevels) for '/Game/FirstPersonCPP/Maps/FirstPersonExampleMap' took 0.019
[2017.09.17-16.54.44:131][378]OBJ SavePackage: Generating thumbnails for [1] asset(s) in package [/Game/ChamferModels/AKM/WPN_AKM_WPN_AKM] ([1] browsable assets)...
[2017.09.17-16.54.44:148][378]OBJ SavePackage:     Rendered thumbnail for [StaticMesh /Game/ChamferModels/AKM/WPN_AKM_WPN_AKM.WPN_AKM_WPN_AKM]
[2017.09.17-16.54.44:148][378]OBJ SavePackage: Finished generating thumbnails for package [/Game/ChamferModels/AKM/WPN_AKM_WPN_AKM]
[2017.09.17-16.54.44:165][378]LogSavePackage: Save=10.42ms
[2017.09.17-16.54.44:165][378]LogSavePackage: Moving '../../../../../../Implant/Implant/Saved/WPN_AKM_WPN_AKM_Auto206B335A941827D3512B8E3A97FFBC863.tmp' to '../../../../../../Implant/Implant/Saved/Autosaves/Game/ChamferModels/AKM/WPN_AKM_WPN_AKM_Auto2.uasset'
[2017.09.17-16.54.44:166][378]LogSavePackage: Display: Finished SavePackage ../../../../../../Implant/Implant/Saved/Autosaves/Game/ChamferModels/AKM/WPN_AKM_WPN_AKM_Auto2.uasset
[2017.09.17-16.54.44:166][378]LogFileHelpers: Auto-saving content packages took 0.036
[2017.09.17-16.56.13:059][578]Cmd: OBJ SAVEPACKAGE PACKAGE="/Game/ChamferModels/AKM/WPN_AKM_WPN_AKM" FILE="../../../../../../Implant/Implant/Content/ChamferModels/AKM/WPN_AKM_WPN_AKM.uasset" SILENT=true
[2017.09.17-16.56.13:071][578]LogSavePackage: Save=6.95ms
[2017.09.17-16.56.13:071][578]LogSavePackage: Moving '../../../../../../Implant/Implant/Saved/WPN_AKM_WPN_AKMAD9F3F5C4455CF0E0982C08EC0AB4216.tmp' to '../../../../../../Implant/Implant/Content/ChamferModels/AKM/WPN_AKM_WPN_AKM.uasset'
[2017.09.17-16.56.13:073][578]LogSavePackage: Display: Finished SavePackage ../../../../../../Implant/Implant/Content/ChamferModels/AKM/WPN_AKM_WPN_AKM.uasset
[2017.09.17-16.59.26:078][996]Cmd: OBJ SAVEPACKAGE PACKAGE="/Game/ChamferModels/AKM/WPN_AKM_WPN_AKM" FILE="../../../../../../Implant/Implant/Content/ChamferModels/AKM/WPN_AKM_WPN_AKM.uasset" SILENT=true
[2017.09.17-16.59.26:093][996]LogSavePackage: Save=11.27ms
[2017.09.17-16.59.26:093][996]LogSavePackage: Moving '../../../../../../Implant/Implant/Saved/WPN_AKM_WPN_AKMFFF5BC9B4A16E8474CA8EAB5ABF53FEA.tmp' to '../../../../../../Implant/Implant/Content/ChamferModels/AKM/WPN_AKM_WPN_AKM.uasset'
[2017.09.17-16.59.26:096][996]LogSavePackage: Display: Finished SavePackage ../../../../../../Implant/Implant/Content/ChamferModels/AKM/WPN_AKM_WPN_AKM.uasset
[2017.09.17-17.01.40:949][806]LogSlate: Warning: Slate: Had to block on waiting for a draw buffer
[2017.09.17-17.01.42:035][807]LogRenderer: Reallocating scene render targets to support 1912x1364 Format 10 NumSamples 1 (Frame:1).
[2017.09.17-17.01.42:086][807]LogSlate: Warning: Slate: Had to block on waiting for a draw buffer
[2017.09.17-17.02.52:450][808]Cmd: OBJ SAVEPACKAGE PACKAGE="/Game/ChamferModels/AKM/WPN_AKM_WPN_AKM" FILE="../../../../../../Implant/Implant/Content/ChamferModels/AKM/WPN_AKM_WPN_AKM.uasset" SILENT=true
[2017.09.17-17.02.52:468][808]LogSavePackage: Save=10.60ms
[2017.09.17-17.02.52:469][808]LogSavePackage: Moving '../../../../../../Implant/Implant/Saved/WPN_AKM_WPN_AKME489218E4EED61A08FA25F91994D6149.tmp' to '../../../../../../Implant/Implant/Content/ChamferModels/AKM/WPN_AKM_WPN_AKM.uasset'
[2017.09.17-17.02.52:471][808]LogSavePackage: Display: Finished SavePackage ../../../../../../Implant/Implant/Content/ChamferModels/AKM/WPN_AKM_WPN_AKM.uasset
[2017.09.17-17.05.53:338][346]LogActorFactory: Actor Factory created WPN_AKM_WPN_AKM
[2017.09.17-17.05.55:183][415]LogActorFactory: Actor Factory created WPN_AKM_WPN_AKM
[2017.09.17-17.06.04:266][164]LogEditorViewport: Clicking on Actor (context menu): StaticMeshActor (Wall1)
[2017.09.17-17.06.06:020][210]LogTemp: Repeating last play command: Selected Viewport
[2017.09.17-17.06.06:079][210]LogBlueprintUserMessages: Early PlayInEditor Detection: Level '/Game/FirstPersonCPP/Maps/FirstPersonExampleMap.FirstPersonExampleMap:PersistentLevel' has LevelScriptBlueprint '/Game/FirstPersonCPP/Maps/FirstPersonExampleMap.FirstPersonExampleMap:PersistentLevel.FirstPersonExampleMap' with GeneratedClass '/Game/FirstPersonCPP/Maps/FirstPersonExampleMap.FirstPersonExampleMap_C' with ClassGeneratedBy '/Game/FirstPersonCPP/Maps/FirstPersonExampleMap.FirstPersonExampleMap:PersistentLevel.FirstPersonExampleMap'
[2017.09.17-17.06.06:080][210]LogPlayLevel: PlayLevel: No blueprints needed recompiling
[2017.09.17-17.06.06:083][210]PIE: New page: PIE session: FirstPersonExampleMap (Sep 17, 2017, 5:06:06 AM)
[2017.09.17-17.06.06:084][210]LogPlayLevel: Creating play world package: /Game/FirstPersonCPP/Maps/UEDPIE_0_FirstPersonExampleMap
[2017.09.17-17.06.06:106][210]LogPlayLevel: PIE: StaticDuplicateObject took: (0.022023s)
[2017.09.17-17.06.06:107][210]LogAIModule: Creating AISystem for world FirstPersonExampleMap
[2017.09.17-17.06.06:107][210]LogPlayLevel: PIE: World Init took: (0.001063s)
[2017.09.17-17.06.06:108][210]LogPlayLevel: PIE: Created PIE world by copying editor world from /Game/FirstPersonCPP/Maps/FirstPersonExampleMap.FirstPersonExampleMap to /Game/FirstPersonCPP/Maps/UEDPIE_0_FirstPersonExampleMap.FirstPersonExampleMap (0.023918s)
[2017.09.17-17.06.06:145][210]LogInit: XAudio2 using 'Speakers (Sound Blaster Recon3Di)' : 2 channels at 48 kHz using 32 bits per sample (channel mask 0x3)
[2017.09.17-17.06.06:155][210]LogInit: FAudioDevice initialized.
[2017.09.17-17.06.06:205][210]LogLoad: Game class is 'ImplantGameMode'
[2017.09.17-17.06.06:209][210]LogWorld: Bringing World /Game/FirstPersonCPP/Maps/UEDPIE_0_FirstPersonExampleMap.FirstPersonExampleMap up for play (max tick rate 0) at 2017.09.17-11.06.06
[2017.09.17-17.06.06:210][210]LogWorld: Bringing up level for play took: 0.004384
[2017.09.17-17.06.06:266][210]LogContentBrowser: Native class hierarchy updated for 'MovieSceneCapture' in 0.0018 seconds. Added 11 classes and 0 folders.
[2017.09.17-17.06.06:268][210]PIE: Play in editor start time for /Game/FirstPersonCPP/Maps/UEDPIE_0_FirstPersonExampleMap -0.452
[2017.09.17-17.06.06:268][210]LogBlueprintUserMessages: Late PlayInEditor Detection: Level '/Game/FirstPersonCPP/Maps/FirstPersonExampleMap.FirstPersonExampleMap:PersistentLevel' has LevelScriptBlueprint '/Game/FirstPersonCPP/Maps/FirstPersonExampleMap.FirstPersonExampleMap:PersistentLevel.FirstPersonExampleMap' with GeneratedClass '/Game/FirstPersonCPP/Maps/FirstPersonExampleMap.FirstPersonExampleMap_C' with ClassGeneratedBy '/Game/FirstPersonCPP/Maps/FirstPersonExampleMap.FirstPersonExampleMap:PersistentLevel.FirstPersonExampleMap'
[2017.09.17-17.06.24:578][ 37]LogBlueprintUserMessages: Early EndPlayMap Detection: Level '/Game/FirstPersonCPP/Maps/FirstPersonExampleMap.FirstPersonExampleMap:PersistentLevel' has LevelScriptBlueprint '/Game/FirstPersonCPP/Maps/FirstPersonExampleMap.FirstPersonExampleMap:PersistentLevel.FirstPersonExampleMap' with GeneratedClass '/Game/FirstPersonCPP/Maps/FirstPersonExampleMap.FirstPersonExampleMap_C' with ClassGeneratedBy '/Game/FirstPersonCPP/Maps/FirstPersonExampleMap.FirstPersonExampleMap:PersistentLevel.FirstPersonExampleMap'
[2017.09.17-17.06.24:631][ 37]LogBlueprintUserMessages: Late EndPlayMap Detection: Level '/Game/FirstPersonCPP/Maps/FirstPersonExampleMap.FirstPersonExampleMap:PersistentLevel' has LevelScriptBlueprint '/Game/FirstPersonCPP/Maps/FirstPersonExampleMap.FirstPersonExampleMap:PersistentLevel.FirstPersonExampleMap' with GeneratedClass '/Game/FirstPersonCPP/Maps/FirstPersonExampleMap.FirstPersonExampleMap_C' with ClassGeneratedBy '/Game/FirstPersonCPP/Maps/FirstPersonExampleMap.FirstPersonExampleMap:PersistentLevel.FirstPersonExampleMap'
[2017.09.17-17.06.44:059][144]LogTemp: Repeating last play command: Selected Viewport
[2017.09.17-17.06.44:077][144]LogBlueprintUserMessages: Early PlayInEditor Detection: Level '/Game/FirstPersonCPP/Maps/FirstPersonExampleMap.FirstPersonExampleMap:PersistentLevel' has LevelScriptBlueprint '/Game/FirstPersonCPP/Maps/FirstPersonExampleMap.FirstPersonExampleMap:PersistentLevel.FirstPersonExampleMap' with GeneratedClass '/Game/FirstPersonCPP/Maps/FirstPersonExampleMap.FirstPersonExampleMap_C' with ClassGeneratedBy '/Game/FirstPersonCPP/Maps/FirstPersonExampleMap.FirstPersonExampleMap:PersistentLevel.FirstPersonExampleMap'
[2017.09.17-17.06.44:077][144]LogPlayLevel: PlayLevel: No blueprints needed recompiling
[2017.09.17-17.06.44:077][144]PIE: New page: PIE session: FirstPersonExampleMap (Sep 17, 2017, 5:06:44 AM)
[2017.09.17-17.06.44:077][144]LogPlayLevel: Creating play world package: /Game/FirstPersonCPP/Maps/UEDPIE_0_FirstPersonExampleMap
[2017.09.17-17.06.44:097][144]LogPlayLevel: PIE: StaticDuplicateObject took: (0.019508s)
[2017.09.17-17.06.44:097][144]LogAIModule: Creating AISystem for world FirstPersonExampleMap
[2017.09.17-17.06.44:098][144]LogPlayLevel: PIE: World Init took: (0.000821s)
[2017.09.17-17.06.44:098][144]LogPlayLevel: PIE: Created PIE world by copying editor world from /Game/FirstPersonCPP/Maps/FirstPersonExampleMap.FirstPersonExampleMap to /Game/FirstPersonCPP/Maps/UEDPIE_0_FirstPersonExampleMap.FirstPersonExampleMap (0.020708s)
[2017.09.17-17.06.44:123][144]LogInit: XAudio2 using 'Speakers (Sound Blaster Recon3Di)' : 2 channels at 48 kHz using 32 bits per sample (channel mask 0x3)
[2017.09.17-17.06.44:129][144]LogInit: FAudioDevice initialized.
[2017.09.17-17.06.44:163][144]LogLoad: Game class is 'ImplantGameMode'
[2017.09.17-17.06.44:166][144]LogWorld: Bringing World /Game/FirstPersonCPP/Maps/UEDPIE_0_FirstPersonExampleMap.FirstPersonExampleMap up for play (max tick rate 0) at 2017.09.17-11.06.44
[2017.09.17-17.06.44:166][144]LogWorld: Bringing up level for play took: 0.002164
[2017.09.17-17.06.44:167][144]PIE: Play in editor start time for /Game/FirstPersonCPP/Maps/UEDPIE_0_FirstPersonExampleMap -0.553
[2017.09.17-17.06.44:167][144]LogBlueprintUserMessages: Late PlayInEditor Detection: Level '/Game/FirstPersonCPP/Maps/FirstPersonExampleMap.FirstPersonExampleMap:PersistentLevel' has LevelScriptBlueprint '/Game/FirstPersonCPP/Maps/FirstPersonExampleMap.FirstPersonExampleMap:PersistentLevel.FirstPersonExampleMap' with GeneratedClass '/Game/FirstPersonCPP/Maps/FirstPersonExampleMap.FirstPersonExampleMap_C' with ClassGeneratedBy '/Game/FirstPersonCPP/Maps/FirstPersonExampleMap.FirstPersonExampleMap:PersistentLevel.FirstPersonExampleMap'
[2017.09.17-17.06.53:484][ 91]LogBlueprintUserMessages: Early EndPlayMap Detection: Level '/Game/FirstPersonCPP/Maps/FirstPersonExampleMap.FirstPersonExampleMap:PersistentLevel' has LevelScriptBlueprint '/Game/FirstPersonCPP/Maps/FirstPersonExampleMap.FirstPersonExampleMap:PersistentLevel.FirstPersonExampleMap' with GeneratedClass '/Game/FirstPersonCPP/Maps/FirstPersonExampleMap.FirstPersonExampleMap_C' with ClassGeneratedBy '/Game/FirstPersonCPP/Maps/FirstPersonExampleMap.FirstPersonExampleMap:PersistentLevel.FirstPersonExampleMap'
[2017.09.17-17.06.53:538][ 91]LogBlueprintUserMessages: Late EndPlayMap Detection: Level '/Game/FirstPersonCPP/Maps/FirstPersonExampleMap.FirstPersonExampleMap:PersistentLevel' has LevelScriptBlueprint '/Game/FirstPersonCPP/Maps/FirstPersonExampleMap.FirstPersonExampleMap:PersistentLevel.FirstPersonExampleMap' with GeneratedClass '/Game/FirstPersonCPP/Maps/FirstPersonExampleMap.FirstPersonExampleMap_C' with ClassGeneratedBy '/Game/FirstPersonCPP/Maps/FirstPersonExampleMap.FirstPersonExampleMap:PersistentLevel.FirstPersonExampleMap'
[2017.09.17-17.08.32:615][787]LogTemp: Repeating last play command: Selected Viewport
[2017.09.17-17.08.32:629][787]LogBlueprintUserMessages: Early PlayInEditor Detection: Level '/Game/FirstPersonCPP/Maps/FirstPersonExampleMap.FirstPersonExampleMap:PersistentLevel' has LevelScriptBlueprint '/Game/FirstPersonCPP/Maps/FirstPersonExampleMap.FirstPersonExampleMap:PersistentLevel.FirstPersonExampleMap' with GeneratedClass '/Game/FirstPersonCPP/Maps/FirstPersonExampleMap.FirstPersonExampleMap_C' with ClassGeneratedBy '/Game/FirstPersonCPP/Maps/FirstPersonExampleMap.FirstPersonExampleMap:PersistentLevel.FirstPersonExampleMap'
[2017.09.17-17.08.32:630][787]LogPlayLevel: PlayLevel: No blueprints needed recompiling
[2017.09.17-17.08.32:630][787]PIE: New page: PIE session: FirstPersonExampleMap (Sep 17, 2017, 5:08:32 AM)
[2017.09.17-17.08.32:630][787]LogPlayLevel: Creating play world package: /Game/FirstPersonCPP/Maps/UEDPIE_0_FirstPersonExampleMap
[2017.09.17-17.08.32:650][787]LogPlayLevel: PIE: StaticDuplicateObject took: (0.019797s)
[2017.09.17-17.08.32:651][787]LogAIModule: Creating AISystem for world FirstPersonExampleMap
[2017.09.17-17.08.32:651][787]LogPlayLevel: PIE: World Init took: (0.001161s)
[2017.09.17-17.08.32:651][787]LogPlayLevel: PIE: Created PIE world by copying editor world from /Game/FirstPersonCPP/Maps/FirstPersonExampleMap.FirstPersonExampleMap to /Game/FirstPersonCPP/Maps/UEDPIE_0_FirstPersonExampleMap.FirstPersonExampleMap (0.021353s)
[2017.09.17-17.08.32:675][787]LogInit: XAudio2 using 'Speakers (Sound Blaster Recon3Di)' : 2 channels at 48 kHz using 32 bits per sample (channel mask 0x3)
[2017.09.17-17.08.32:681][787]LogInit: FAudioDevice initialized.
[2017.09.17-17.08.32:715][787]LogLoad: Game class is 'ImplantGameMode'
[2017.09.17-17.08.32:718][787]LogWorld: Bringing World /Game/FirstPersonCPP/Maps/UEDPIE_0_FirstPersonExampleMap.FirstPersonExampleMap up for play (max tick rate 0) at 2017.09.17-11.08.32
[2017.09.17-17.08.32:718][787]LogWorld: Bringing up level for play took: 0.002114
[2017.09.17-17.08.32:719][787]PIE: Play in editor start time for /Game/FirstPersonCPP/Maps/UEDPIE_0_FirstPersonExampleMap -0.001
[2017.09.17-17.08.32:719][787]LogBlueprintUserMessages: Late PlayInEditor Detection: Level '/Game/FirstPersonCPP/Maps/FirstPersonExampleMap.FirstPersonExampleMap:PersistentLevel' has LevelScriptBlueprint '/Game/FirstPersonCPP/Maps/FirstPersonExampleMap.FirstPersonExampleMap:PersistentLevel.FirstPersonExampleMap' with GeneratedClass '/Game/FirstPersonCPP/Maps/FirstPersonExampleMap.FirstPersonExampleMap_C' with ClassGeneratedBy '/Game/FirstPersonCPP/Maps/FirstPersonExampleMap.FirstPersonExampleMap:PersistentLevel.FirstPersonExampleMap'
[2017.09.17-17.08.51:623][633]LogBlueprintUserMessages: Early EndPlayMap Detection: Level '/Game/FirstPersonCPP/Maps/FirstPersonExampleMap.FirstPersonExampleMap:PersistentLevel' has LevelScriptBlueprint '/Game/FirstPersonCPP/Maps/FirstPersonExampleMap.FirstPersonExampleMap:PersistentLevel.FirstPersonExampleMap' with GeneratedClass '/Game/FirstPersonCPP/Maps/FirstPersonExampleMap.FirstPersonExampleMap_C' with ClassGeneratedBy '/Game/FirstPersonCPP/Maps/FirstPersonExampleMap.FirstPersonExampleMap:PersistentLevel.FirstPersonExampleMap'
[2017.09.17-17.08.51:685][633]LogBlueprintUserMessages: Late EndPlayMap Detection: Level '/Game/FirstPersonCPP/Maps/FirstPersonExampleMap.FirstPersonExampleMap:PersistentLevel' has LevelScriptBlueprint '/Game/FirstPersonCPP/Maps/FirstPersonExampleMap.FirstPersonExampleMap:PersistentLevel.FirstPersonExampleMap' with GeneratedClass '/Game/FirstPersonCPP/Maps/FirstPersonExampleMap.FirstPersonExampleMap_C' with ClassGeneratedBy '/Game/FirstPersonCPP/Maps/FirstPersonExampleMap.FirstPersonExampleMap:PersistentLevel.FirstPersonExampleMap'
[2017.09.17-17.10.11:759][328]LogSavePackage: Save=69.62ms
[2017.09.17-17.10.11:760][328]LogSavePackage: Moving '../../../../../../Implant/Implant/Saved/FirstPersonExampleMap_Auto3F59395F84910AD2572380FB41D0FA5FB.tmp' to '../../../../../../Implant/Implant/Saved/Autosaves/Game/FirstPersonCPP/Maps/FirstPersonExampleMap_Auto3.umap'
[2017.09.17-17.10.11:761][328]LogSavePackage: Display: Finished SavePackage ../../../../../../Implant/Implant/Saved/Autosaves/Game/FirstPersonCPP/Maps/FirstPersonExampleMap_Auto3.umap
[2017.09.17-17.10.11:768][328]LogFileHelpers: Editor autosave (incl. sublevels) for '/Game/FirstPersonCPP/Maps/FirstPersonExampleMap' took 0.106
[2017.09.17-17.10.11:768][328]LogFileHelpers: Editor autosave (incl. sublevels) for all levels took 0.106
[2017.09.17-17.14.59:534][518]LogEditorActor: Deleted Actor: StaticMeshActor
[2017.09.17-17.14.59:552][518]LogEditorActor: Deleted 1 Actors (0.019 secs)
[2017.09.17-17.15.18:724][145]Cmd: SELECT NONE
[2017.09.17-17.15.20:067][241]LogTemp: Repeating last play command: Selected Viewport
[2017.09.17-17.15.20:079][241]LogBlueprintUserMessages: Early PlayInEditor Detection: Level '/Game/FirstPersonCPP/Maps/FirstPersonExampleMap.FirstPersonExampleMap:PersistentLevel' has LevelScriptBlueprint '/Game/FirstPersonCPP/Maps/FirstPersonExampleMap.FirstPersonExampleMap:PersistentLevel.FirstPersonExampleMap' with GeneratedClass '/Game/FirstPersonCPP/Maps/FirstPersonExampleMap.FirstPersonExampleMap_C' with ClassGeneratedBy '/Game/FirstPersonCPP/Maps/FirstPersonExampleMap.FirstPersonExampleMap:PersistentLevel.FirstPersonExampleMap'
[2017.09.17-17.15.20:079][241]LogPlayLevel: PlayLevel: No blueprints needed recompiling
[2017.09.17-17.15.20:079][241]PIE: New page: PIE session: FirstPersonExampleMap (Sep 17, 2017, 5:15:20 AM)
[2017.09.17-17.15.20:079][241]LogPlayLevel: Creating play world package: /Game/FirstPersonCPP/Maps/UEDPIE_0_FirstPersonExampleMap
[2017.09.17-17.15.20:100][241]LogPlayLevel: PIE: StaticDuplicateObject took: (0.020908s)
[2017.09.17-17.15.20:101][241]LogAIModule: Creating AISystem for world FirstPersonExampleMap
[2017.09.17-17.15.20:102][241]LogPlayLevel: PIE: World Init took: (0.001225s)
[2017.09.17-17.15.20:102][241]LogPlayLevel: PIE: Created PIE world by copying editor world from /Game/FirstPersonCPP/Maps/FirstPersonExampleMap.FirstPersonExampleMap to /Game/FirstPersonCPP/Maps/UEDPIE_0_FirstPersonExampleMap.FirstPersonExampleMap (0.022657s)
[2017.09.17-17.15.20:128][241]LogInit: XAudio2 using 'Speakers (Sound Blaster Recon3Di)' : 2 channels at 48 kHz using 32 bits per sample (channel mask 0x3)
[2017.09.17-17.15.20:135][241]LogInit: FAudioDevice initialized.
[2017.09.17-17.15.20:170][241]LogLoad: Game class is 'ImplantGameMode'
[2017.09.17-17.15.20:174][241]LogWorld: Bringing World /Game/FirstPersonCPP/Maps/UEDPIE_0_FirstPersonExampleMap.FirstPersonExampleMap up for play (max tick rate 0) at 2017.09.17-11.15.20
[2017.09.17-17.15.20:174][241]LogWorld: Bringing up level for play took: 0.003101
[2017.09.17-17.15.20:176][241]PIE: Play in editor start time for /Game/FirstPersonCPP/Maps/UEDPIE_0_FirstPersonExampleMap -0.544
[2017.09.17-17.15.20:176][241]LogBlueprintUserMessages: Late PlayInEditor Detection: Level '/Game/FirstPersonCPP/Maps/FirstPersonExampleMap.FirstPersonExampleMap:PersistentLevel' has LevelScriptBlueprint '/Game/FirstPersonCPP/Maps/FirstPersonExampleMap.FirstPersonExampleMap:PersistentLevel.FirstPersonExampleMap' with GeneratedClass '/Game/FirstPersonCPP/Maps/FirstPersonExampleMap.FirstPersonExampleMap_C' with ClassGeneratedBy '/Game/FirstPersonCPP/Maps/FirstPersonExampleMap.FirstPersonExampleMap:PersistentLevel.FirstPersonExampleMap'
[2017.09.17-17.15.38:501][155]LogBlueprintUserMessages: Early EndPlayMap Detection: Level '/Game/FirstPersonCPP/Maps/FirstPersonExampleMap.FirstPersonExampleMap:PersistentLevel' has LevelScriptBlueprint '/Game/FirstPersonCPP/Maps/FirstPersonExampleMap.FirstPersonExampleMap:PersistentLevel.FirstPersonExampleMap' with GeneratedClass '/Game/FirstPersonCPP/Maps/FirstPersonExampleMap.FirstPersonExampleMap_C' with ClassGeneratedBy '/Game/FirstPersonCPP/Maps/FirstPersonExampleMap.FirstPersonExampleMap:PersistentLevel.FirstPersonExampleMap'
[2017.09.17-17.15.38:538][155]LogBlueprintUserMessages: Late EndPlayMap Detection: Level '/Game/FirstPersonCPP/Maps/FirstPersonExampleMap.FirstPersonExampleMap:PersistentLevel' has LevelScriptBlueprint '/Game/FirstPersonCPP/Maps/FirstPersonExampleMap.FirstPersonExampleMap:PersistentLevel.FirstPersonExampleMap' with GeneratedClass '/Game/FirstPersonCPP/Maps/FirstPersonExampleMap.FirstPersonExampleMap_C' with ClassGeneratedBy '/Game/FirstPersonCPP/Maps/FirstPersonExampleMap.FirstPersonExampleMap:PersistentLevel.FirstPersonExampleMap'
[2017.09.17-17.19.07:112][967]Cmd: QUIT_EDITOR
[2017.09.17-17.19.07:242][967]LogWindowsTextInputMethodSystem: Display: IME system now deactivated.
[2017.09.17-17.19.07:283][967]LogExit: Preparing to exit.
[2017.09.17-17.19.08:562][967]LogDirectoryWatcher: A directory notification for 'C:/Implant/Implant/Content/' was aborted.
[2017.09.17-17.19.08:656][967]LogExit: Editor shut down
[2017.09.17-17.19.08:686][967]LogExit: Transaction tracking system shut down
[2017.09.17-17.19.08:914][967]LogDirectoryWatcher: A directory notification for '../../../Engine/Content/' was aborted.
[2017.09.17-17.19.08:914][967]LogDirectoryWatcher: A directory notification for '../../../../../../Implant/Implant/Content/' was aborted.
[2017.09.17-17.19.08:914][967]LogDirectoryWatcher: A directory notification for '../../../Engine/Plugins/2D/Paper2D/Content/' was aborted.
[2017.09.17-17.19.08:914][967]LogDirectoryWatcher: A directory notification for '../../../Engine/Plugins/Runtime/Oculus/OculusVR/Content/' was aborted.
[2017.09.17-17.19.08:914][967]LogDirectoryWatcher: A directory notification for '../../../Engine/Plugins/Runtime/Steam/SteamVR/Content/' was aborted.
[2017.09.17-17.19.09:045][967]LogExit: Object subsystem successfully closed.
[2017.09.17-17.19.09:087][967]LogD3D11RHI: Shutdown
[2017.09.17-17.19.09:087][967]LogD3D11RHI: CleanupD3DDevice
[2017.09.17-17.19.09:204][967]LogD3D11RHI: ~FD3D11DynamicRHI
[2017.09.17-17.19.09:219][967]LogModuleManager: Shutting down and abandoning module MovieSceneCapture (544)
[2017.09.17-17.19.09:219][967]LogModuleManager: Shutting down and abandoning module ClothingSystemEditorInterface (542)
[2017.09.17-17.19.09:219][967]LogModuleManager: Shutting down and abandoning module SkeletonEditor (540)
[2017.09.17-17.19.09:219][967]LogModuleManager: Shutting down and abandoning module BlueprintGraph (538)
[2017.09.17-17.19.09:219][967]LogModuleManager: Shutting down and abandoning module BlueprintProfiler (536)
[2017.09.17-17.19.09:219][967]LogModuleManager: Shutting down and abandoning module StaticMeshEditor (534)
[2017.09.17-17.19.09:219][967]LogModuleManager: Shutting down and abandoning module HierarchicalLODOutliner (532)
[2017.09.17-17.19.09:219][967]LogModuleManager: Shutting down and abandoning module SceneOutliner (530)
[2017.09.17-17.19.09:219][967]LogModuleManager: Shutting down and abandoning module AddContentDialog (528)
[2017.09.17-17.19.09:220][967]LogDirectoryWatcher: A directory notification for 'C:/Program Files/Epic Games/UE_4.17/FeaturePacks/' was aborted.
[2017.09.17-17.19.09:226][967]LogModuleManager: Shutting down and abandoning module WidgetCarousel (527)
[2017.09.17-17.19.09:226][967]LogModuleManager: Shutting down and abandoning module EditorWidgets (524)
[2017.09.17-17.19.09:226][967]LogModuleManager: Shutting down and abandoning module CollectionManager (522)
[2017.09.17-17.19.09:226][967]LogDirectoryWatcher: A directory notification for 'C:/Implant/Implant/Content/Collections/' was aborted.
[2017.09.17-17.19.09:226][967]LogDirectoryWatcher: A directory notification for 'C:/Implant/Implant/Content/Developers/scuho/Collections/' was aborted.
[2017.09.17-17.19.09:226][967]LogDirectoryWatcher: A directory notification for 'C:/Implant/Implant/Saved/Collections/' was aborted.
[2017.09.17-17.19.09:226][967]LogModuleManager: Shutting down and abandoning module StatsViewer (520)
[2017.09.17-17.19.09:226][967]LogModuleManager: Shutting down and abandoning module FoliageEdit (518)
[2017.09.17-17.19.09:226][967]LogModuleManager: Shutting down and abandoning module LandscapeEditor (516)
[2017.09.17-17.19.09:226][967]LogModuleManager: Shutting down and abandoning module MeshPaintMode (514)
[2017.09.17-17.19.09:226][967]LogModuleManager: Shutting down and abandoning module SceneDepthPickerMode (512)
[2017.09.17-17.19.09:226][967]LogModuleManager: Shutting down and abandoning module ActorPickerMode (510)
[2017.09.17-17.19.09:226][967]LogModuleManager: Shutting down and abandoning module GeometryMode (508)
[2017.09.17-17.19.09:226][967]LogModuleManager: Shutting down and abandoning module TextureAlignMode (506)
[2017.09.17-17.19.09:226][967]LogModuleManager: Shutting down and abandoning module BspMode (504)
[2017.09.17-17.19.09:226][967]LogModuleManager: Shutting down and abandoning module PIEPreviewDeviceProfileSelector (502)
[2017.09.17-17.19.09:226][967]LogModuleManager: Shutting down and abandoning module HardwareSurvey (500)
[2017.09.17-17.19.09:227][967]LogModuleManager: Shutting down and abandoning module SequenceRecorderSections (498)
[2017.09.17-17.19.09:227][967]LogModuleManager: Shutting down and abandoning module AutomationWorker (496)
[2017.09.17-17.19.09:227][967]LogModuleManager: Shutting down and abandoning module MatineeToLevelSequence (494)
[2017.09.17-17.19.09:227][967]LogModuleManager: Shutting down and abandoning module LevelSequenceEditor (492)
[2017.09.17-17.19.09:227][967]LogModuleManager: Shutting down and abandoning module PlacementMode (491)
[2017.09.17-17.19.09:227][967]LogModuleManager: Shutting down and abandoning module WmfMediaFactory (488)
[2017.09.17-17.19.09:227][967]LogModuleManager: Shutting down and abandoning module WmfMediaEditor (486)
[2017.09.17-17.19.09:227][967]LogModuleManager: Shutting down and abandoning module AvfMediaFactory (484)
[2017.09.17-17.19.09:227][967]LogModuleManager: Shutting down and abandoning module AvfMediaEditor (482)
[2017.09.17-17.19.09:227][967]LogModuleManager: Shutting down and abandoning module AndroidMediaFactory (480)
[2017.09.17-17.19.09:227][967]LogModuleManager: Shutting down and abandoning module Media (479)
[2017.09.17-17.19.09:227][967]LogModuleManager: Shutting down and abandoning module AndroidMediaEditor (476)
[2017.09.17-17.19.09:227][967]LogModuleManager: Shutting down and abandoning module CharacterAI (474)
[2017.09.17-17.19.09:227][967]LogModuleManager: Shutting down and abandoning module AudioCapture (472)
[2017.09.17-17.19.09:227][967]LogModuleManager: Shutting down and abandoning module SequenceRecorder (471)
[2017.09.17-17.19.09:227][967]LogModuleManager: Shutting down and abandoning module SmartSnapping (468)
[2017.09.17-17.19.09:227][967]LogModuleManager: Shutting down and abandoning module SessionServices (466)
[2017.09.17-17.19.09:227][967]LogModuleManager: Shutting down and abandoning module ViewportSnapping (464)
[2017.09.17-17.19.09:227][967]LogModuleManager: Shutting down and abandoning module ViewportInteraction (462)
[2017.09.17-17.19.09:227][967]LogModuleManager: Shutting down and abandoning module ClothPainter (460)
[2017.09.17-17.19.09:227][967]LogModuleManager: Shutting down and abandoning module LogVisualizer (458)
[2017.09.17-17.19.09:228][967]LogModuleManager: Shutting down and abandoning module IntroTutorials (456)
[2017.09.17-17.19.09:228][967]LogModuleManager: Shutting down and abandoning module GameProjectGeneration (455)
[2017.09.17-17.19.09:228][967]LogModuleManager: Shutting down and abandoning module IOSPlatformEditor (452)
[2017.09.17-17.19.09:228][967]LogModuleManager: Shutting down and abandoning module HTML5PlatformEditor (450)
[2017.09.17-17.19.09:228][967]LogModuleManager: Shutting down and abandoning module AndroidPlatformEditor (448)
[2017.09.17-17.19.09:228][967]LogModuleManager: Shutting down and abandoning module AndroidDeviceDetection (447)
[2017.09.17-17.19.10:205][967]LogModuleManager: Shutting down and abandoning module WindowsPlatformEditor (444)
[2017.09.17-17.19.10:205][967]LogModuleManager: Shutting down and abandoning module IOSRuntimeSettings (442)
[2017.09.17-17.19.10:205][967]LogModuleManager: Shutting down and abandoning module AndroidRuntimeSettings (440)
[2017.09.17-17.19.10:205][967]LogModuleManager: Shutting down and abandoning module InputBindingEditor (438)
[2017.09.17-17.19.10:205][967]LogModuleManager: Shutting down and abandoning module MergeActors (436)
[2017.09.17-17.19.10:206][967]LogModuleManager: Shutting down and abandoning module SizeMap (434)
[2017.09.17-17.19.10:206][967]LogModuleManager: Shutting down and abandoning module TreeMap (432)
[2017.09.17-17.19.10:206][967]LogModuleManager: Shutting down and abandoning module ReferenceViewer (430)
[2017.09.17-17.19.10:206][967]LogModuleManager: Shutting down and abandoning module LocalizationDashboard (428)
[2017.09.17-17.19.10:206][967]LogModuleManager: Shutting down and abandoning module LocalizationService (427)
[2017.09.17-17.19.10:206][967]LogModuleManager: Shutting down and abandoning module HardwareTargeting (424)
[2017.09.17-17.19.10:206][967]LogModuleManager: Shutting down and abandoning module DeviceProfileEditor (422)
[2017.09.17-17.19.10:206][967]LogModuleManager: Shutting down and abandoning module UndoHistory (420)
[2017.09.17-17.19.10:206][967]LogModuleManager: Shutting down and abandoning module XmlParser (418)
[2017.09.17-17.19.10:206][967]LogModuleManager: Shutting down and abandoning module Blutility (416)
[2017.09.17-17.19.10:206][967]LogModuleManager: Shutting down and abandoning module ProjectSettingsViewer (414)
[2017.09.17-17.19.10:206][967]LogModuleManager: Shutting down and abandoning module ProjectTargetPlatformEditor (413)
[2017.09.17-17.19.10:206][967]LogModuleManager: Shutting down and abandoning module EditorSettingsViewer (410)
[2017.09.17-17.19.10:206][967]LogModuleManager: Shutting down and abandoning module SettingsEditor (408)
[2017.09.17-17.19.10:206][967]LogModuleManager: Shutting down and abandoning module ProjectLauncher (406)
[2017.09.17-17.19.10:206][967]LogModuleManager: Shutting down and abandoning module SessionFrontend (404)
[2017.09.17-17.19.10:206][967]LogModuleManager: Shutting down and abandoning module ProfilerClient (402)
[2017.09.17-17.19.10:206][967]LogModuleManager: Shutting down and abandoning module DeviceManager (400)
[2017.09.17-17.19.10:206][967]LogModuleManager: Shutting down and abandoning module TargetDeviceServices (399)
[2017.09.17-17.19.10:270][967]LogModuleManager: Shutting down and abandoning module AutomationController (396)
[2017.09.17-17.19.10:270][967]LogModuleManager: Shutting down and abandoning module AutomationWindow (394)
[2017.09.17-17.19.10:270][967]LogModuleManager: Shutting down and abandoning module Layers (392)
[2017.09.17-17.19.10:270][967]LogModuleManager: Shutting down and abandoning module ComponentVisualizers (390)
[2017.09.17-17.19.10:270][967]LogModuleManager: Shutting down and abandoning module DetailCustomizations (388)
[2017.09.17-17.19.10:270][967]LogModuleManager: Shutting down and abandoning module PackagesDialog (386)
[2017.09.17-17.19.10:270][967]LogModuleManager: Shutting down and abandoning module Persona (384)
[2017.09.17-17.19.10:270][967]LogModuleManager: Shutting down and abandoning module AdvancedPreviewScene (383)
[2017.09.17-17.19.10:270][967]LogModuleManager: Shutting down and abandoning module AnimGraph (381)
[2017.09.17-17.19.10:270][967]LogModuleManager: Shutting down and abandoning module Kismet (378)
[2017.09.17-17.19.10:276][967]LogModuleManager: Shutting down and abandoning module ClassViewer (376)
[2017.09.17-17.19.10:276][967]LogModuleManager: Shutting down and abandoning module Toolbox (374)
[2017.09.17-17.19.10:276][967]LogModuleManager: Shutting down and abandoning module ModuleUI (372)
[2017.09.17-17.19.10:276][967]LogModuleManager: Shutting down and abandoning module MovieSceneTools (370)
[2017.09.17-17.19.10:276][967]LogModuleManager: Shutting down and abandoning module OutputLog (368)
[2017.09.17-17.19.10:276][967]LogModuleManager: Shutting down and abandoning module GammaUI (366)
[2017.09.17-17.19.10:276][967]LogModuleManager: Shutting down and abandoning module Documentation (364)
[2017.09.17-17.19.10:276][967]LogModuleManager: Shutting down and abandoning module MovieSceneTracks (362)
[2017.09.17-17.19.10:276][967]LogModuleManager: Shutting down and abandoning module MovieScene (360)
[2017.09.17-17.19.10:276][967]LogModuleManager: Shutting down and abandoning module Niagara (358)
[2017.09.17-17.19.10:276][967]LogModuleManager: Shutting down and abandoning module NiagaraEditor (357)
[2017.09.17-17.19.10:276][967]LogModuleManager: Shutting down and abandoning module StreamingPauseRendering (354)
[2017.09.17-17.19.10:276][967]LogModuleManager: Shutting down and abandoning module LauncherPlatform (352)
[2017.09.17-17.19.10:276][967]LogModuleManager: Shutting down and abandoning module AnalyticsET (350)
[2017.09.17-17.19.10:276][967]LogModuleManager: Shutting down and abandoning module PortalServices (348)
[2017.09.17-17.19.10:276][967]LogModuleManager: Shutting down and abandoning module PortalRpc (346)
[2017.09.17-17.19.10:276][967]LogModuleManager: Shutting down and abandoning module MessagingRpc (344)
[2017.09.17-17.19.10:276][967]LogModuleManager: Shutting down and abandoning module AIModule (342)
[2017.09.17-17.19.10:276][967]LogModuleManager: Shutting down and abandoning module GameplayDebugger (341)
[2017.09.17-17.19.10:277][967]LogModuleManager: Shutting down and abandoning module AITestSuite (339)
[2017.09.17-17.19.10:277][967]LogModuleManager: Shutting down and abandoning module ProfilerService (336)
[2017.09.17-17.19.10:483][967]LogModuleManager: Shutting down and abandoning module TaskGraph (334)
[2017.09.17-17.19.10:483][967]LogModuleManager: Shutting down and abandoning module SteamVRController (332)
[2017.09.17-17.19.10:483][967]LogModuleManager: Shutting down and abandoning module ProceduralMeshComponentEditor (330)
[2017.09.17-17.19.10:483][967]LogModuleManager: Shutting down and abandoning module ProceduralMeshComponent (328)
[2017.09.17-17.19.10:483][967]LogModuleManager: Shutting down and abandoning module OculusInput (326)
[2017.09.17-17.19.10:483][967]LogModuleManager: Shutting down and abandoning module MobilePatchingUtils (324)
[2017.09.17-17.19.10:483][967]LogModuleManager: Shutting down and abandoning module CustomMeshComponent (322)
[2017.09.17-17.19.10:483][967]LogModuleManager: Shutting down and abandoning module CableComponent (320)
[2017.09.17-17.19.10:484][967]LogModuleManager: Shutting down and abandoning module ArchVisCharacter (318)
[2017.09.17-17.19.10:484][967]LogModuleManager: Shutting down and abandoning module AndroidPermission (316)
[2017.09.17-17.19.10:484][967]LogModuleManager: Shutting down and abandoning module MediaPlayerEditor (312)
[2017.09.17-17.19.10:484][967]LogModuleManager: Shutting down and abandoning module HTML5Networking (310)
[2017.09.17-17.19.10:484][967]LogModuleManager: Shutting down and abandoning module AlembicImporter (308)
[2017.09.17-17.19.10:484][967]LogModuleManager: Shutting down and abandoning module AlembicLibrary (307)
[2017.09.17-17.19.10:484][967]LogModuleManager: Shutting down and abandoning module GeometryCache (306)
[2017.09.17-17.19.10:484][967]LogModuleManager: Shutting down and abandoning module GeometryCacheEd (305)
[2017.09.17-17.19.10:484][967]LogModuleManager: Shutting down and abandoning module SpeedTreeImporter (300)
[2017.09.17-17.19.10:484][967]LogModuleManager: Shutting down and abandoning module PluginBrowser (298)
[2017.09.17-17.19.10:484][967]LogModuleManager: Shutting down and abandoning module MobileLauncherProfileWizard (296)
[2017.09.17-17.19.10:484][967]LogModuleManager: Shutting down and abandoning module VisualStudioSourceCodeAccess (294)
[2017.09.17-17.19.10:484][967]LogModuleManager: Shutting down and abandoning module DesktopPlatform (293)
[2017.09.17-17.19.10:484][967]LogModuleManager: Shutting down and abandoning module UObjectPlugin (290)
[2017.09.17-17.19.10:484][967]LogModuleManager: Shutting down and abandoning module SubversionSourceControl (288)
[2017.09.17-17.19.10:484][967]LogModuleManager: Shutting down and abandoning module PerforceSourceControl (286)
[2017.09.17-17.19.10:485][967]LogModuleManager: Shutting down and abandoning module GitSourceControl (284)
[2017.09.17-17.19.10:485][967]LogModuleManager: Shutting down and abandoning module SourceControl (283)
[2017.09.17-17.19.10:485][967]LogModuleManager: Shutting down and abandoning module LightPropagationVolumeEditor (280)
[2017.09.17-17.19.10:485][967]LogModuleManager: Shutting down and abandoning module PaperTiledImporter (278)
[2017.09.17-17.19.10:485][967]LogModuleManager: Shutting down and abandoning module PaperSpriteSheetImporter (276)
[2017.09.17-17.19.10:485][967]LogModuleManager: Shutting down and abandoning module Paper2DEditor (274)
[2017.09.17-17.19.10:485][967]LogModuleManager: Shutting down and abandoning module MeshPaint (273)
[2017.09.17-17.19.10:485][967]LogModuleManager: Shutting down and abandoning module LevelEditor (271)
[2017.09.17-17.19.10:486][967]LogModuleManager: Shutting down and abandoning module PixelInspectorModule (270)
[2017.09.17-17.19.10:486][967]LogModuleManager: Shutting down and abandoning module MainFrame (268)
[2017.09.17-17.19.10:486][967]LogModuleManager: Shutting down and abandoning module HotReload (267)
[2017.09.17-17.19.10:486][967]LogDirectoryWatcher: A directory notification for 'C:/Implant/Implant/Binaries/Win64' was aborted.
[2017.09.17-17.19.10:487][967]LogModuleManager: Shutting down and abandoning module Implant (262)
[2017.09.17-17.19.10:487][967]LogModuleManager: Shutting down and abandoning module RuntimePhysXCooking (260)
[2017.09.17-17.19.10:487][967]LogModuleManager: Shutting down and abandoning module PhysXVehiclesEditor (258)
[2017.09.17-17.19.10:487][967]LogModuleManager: Shutting down and abandoning module PhysXVehicles (256)
[2017.09.17-17.19.10:487][967]LogModuleManager: Shutting down and abandoning module OculusEditor (254)
[2017.09.17-17.19.10:487][967]LogModuleManager: Shutting down and abandoning module LocationServicesBPLibrary (252)
[2017.09.17-17.19.10:487][967]LogModuleManager: Shutting down and abandoning module ImmediatePhysicsEditor (250)
[2017.09.17-17.19.10:487][967]LogModuleManager: Shutting down and abandoning module ImmediatePhysics (248)
[2017.09.17-17.19.10:487][967]LogModuleManager: Shutting down and abandoning module UdpMessaging (246)
[2017.09.17-17.19.10:588][967]LogModuleManager: Shutting down and abandoning module TcpMessaging (244)
[2017.09.17-17.19.10:688][967]LogModuleManager: Shutting down and abandoning module GameplayTagsEditor (242)
[2017.09.17-17.19.10:688][967]LogModuleManager: Shutting down and abandoning module FacialAnimationEditor (240)
[2017.09.17-17.19.10:688][967]LogModuleManager: Shutting down and abandoning module FacialAnimation (238)
[2017.09.17-17.19.10:688][967]LogModuleManager: Shutting down and abandoning module AssetManagerEditor (236)
[2017.09.17-17.19.10:688][967]LogModuleManager: Shutting down and abandoning module GraphEditor (235)
[2017.09.17-17.19.10:688][967]LogModuleManager: Shutting down and abandoning module ContentBrowser (233)
[2017.09.17-17.19.10:690][967]LogModuleManager: Shutting down and abandoning module LightPropagationVolumeRuntime (230)
[2017.09.17-17.19.10:690][967]LogModuleManager: Shutting down and abandoning module Paper2D (228)
[2017.09.17-17.19.10:690][967]LogModuleManager: Shutting down and abandoning module WindowsMoviePlayer (226)
[2017.09.17-17.19.10:690][967]LogModuleManager: Shutting down and abandoning module WmfMedia (224)
[2017.09.17-17.19.10:690][967]LogModuleManager: Shutting down and abandoning module PacketHandler (222)
[2017.09.17-17.19.10:690][967]LogModuleManager: Shutting down and abandoning module ClothingSystemEditor (220)
[2017.09.17-17.19.10:690][967]LogModuleManager: Shutting down and abandoning module ClothingSystemRuntime (218)
[2017.09.17-17.19.10:690][967]LogModuleManager: Shutting down and abandoning module Overlay (216)
[2017.09.17-17.19.10:690][967]LogModuleManager: Shutting down and abandoning module OverlayEditor (215)
[2017.09.17-17.19.10:690][967]LogModuleManager: Shutting down and abandoning module MediaAssets (212)
[2017.09.17-17.19.10:690][967]LogModuleManager: Shutting down and abandoning module VREditor (210)
[2017.09.17-17.19.10:690][967]LogModuleManager: Shutting down and abandoning module StringTableEditor (208)
[2017.09.17-17.19.10:690][967]LogModuleManager: Shutting down and abandoning module GameplayTasksEditor (206)
[2017.09.17-17.19.10:690][967]LogModuleManager: Shutting down and abandoning module BehaviorTreeEditor (204)
[2017.09.17-17.19.10:690][967]LogModuleManager: Shutting down and abandoning module FunctionalTesting (202)
[2017.09.17-17.19.10:690][967]LogModuleManager: Shutting down and abandoning module CollisionAnalyzer (200)
[2017.09.17-17.19.10:690][967]LogModuleManager: Shutting down and abandoning module WorkspaceMenuStructure (199)
[2017.09.17-17.19.10:691][967]LogModuleManager: Shutting down and abandoning module UMG (196)
[2017.09.17-17.19.10:691][967]LogModuleManager: Shutting down and abandoning module UMGEditor (195)
[2017.09.17-17.19.10:691][967]LogModuleManager: Shutting down and abandoning module Sequencer (194)
[2017.09.17-17.19.10:691][967]LogModuleManager: Shutting down and abandoning module MessageLog (191)
[2017.09.17-17.19.10:691][967]LogModuleManager: Shutting down and abandoning module SlateReflector (186)
[2017.09.17-17.19.10:691][967]LogModuleManager: Shutting down and abandoning module Slate (184)
[2017.09.17-17.19.10:691][967]LogModuleManager: Shutting down and abandoning module EditorStyle (182)
[2017.09.17-17.19.10:693][967]LogModuleManager: Shutting down and abandoning module MRMesh (180)
[2017.09.17-17.19.10:693][967]LogModuleManager: Shutting down and abandoning module SourceCodeAccess (178)
[2017.09.17-17.19.10:693][967]LogModuleManager: Shutting down and abandoning module HeadMountedDisplay (176)
[2017.09.17-17.19.10:693][967]LogModuleManager: Shutting down and abandoning module XAudio2 (174)
[2017.09.17-17.19.10:693][967]LogModuleManager: Shutting down and abandoning module Networking (172)
[2017.09.17-17.19.10:693][967]LogModuleManager: Shutting down and abandoning module Core (168)
[2017.09.17-17.19.10:693][967]LogModuleManager: Shutting down and abandoning module KismetCompiler (164)
[2017.09.17-17.19.10:693][967]LogModuleManager: Shutting down and abandoning module LevelSequence (162)
[2017.09.17-17.19.10:693][967]LogModuleManager: Shutting down and abandoning module MeshUtilities (160)
[2017.09.17-17.19.10:694][967]LogModuleManager: Shutting down and abandoning module MeshMergeUtilities (159)
[2017.09.17-17.19.10:694][967]LogModuleManager: Shutting down and abandoning module MeshReductionInterface (158)
[2017.09.17-17.19.10:694][967]LogModuleManager: Shutting down and abandoning module SimplygonSwarm (157)
[2017.09.17-17.19.10:694][967]LogModuleManager: Shutting down and abandoning module SimplygonMeshReduction (155)
[2017.09.17-17.19.10:694][967]LogModuleManager: Shutting down and abandoning module QuadricMeshReduction (153)
[2017.09.17-17.19.10:694][967]LogModuleManager: Shutting down and abandoning module MaterialBaking (149)
[2017.09.17-17.19.10:694][967]LogModuleManager: Shutting down and abandoning module DirectoryWatcher (146)
[2017.09.17-17.19.10:702][967]LogModuleManager: Shutting down and abandoning module DerivedDataCache (144)
[2017.09.17-17.19.10:791][967]LogDerivedDataCache: Shutdown
[2017.09.17-17.19.10:791][967]LogModuleManager: Shutting down and abandoning module TargetPlatform (142)
[2017.09.17-17.19.10:791][967]LogModuleManager: Shutting down and abandoning module VulkanShaderFormat (141)
[2017.09.17-17.19.10:791][967]LogModuleManager: Shutting down and abandoning module ShaderFormatVectorVM (139)
[2017.09.17-17.19.10:791][967]LogModuleManager: Shutting down and abandoning module ShaderFormatOpenGL (137)
[2017.09.17-17.19.10:791][967]LogModuleManager: Shutting down and abandoning module ShaderFormatD3D (135)
[2017.09.17-17.19.10:791][967]LogModuleManager: Shutting down and abandoning module MetalShaderFormat (133)
[2017.09.17-17.19.10:791][967]LogModuleManager: Shutting down and abandoning module TextureFormatUncompressed (131)
[2017.09.17-17.19.10:791][967]LogModuleManager: Shutting down and abandoning module TextureFormatPVR (129)
[2017.09.17-17.19.10:791][967]LogModuleManager: Shutting down and abandoning module TextureFormatDXT (127)
[2017.09.17-17.19.10:791][967]LogModuleManager: Shutting down and abandoning module TextureFormatIntelISPCTexComp (125)
[2017.09.17-17.19.10:791][967]LogModuleManager: Shutting down and abandoning module TextureFormatASTC (123)
[2017.09.17-17.19.10:791][967]LogModuleManager: Shutting down and abandoning module ImageWrapper (122)
[2017.09.17-17.19.10:791][967]LogModuleManager: Shutting down and abandoning module TextureFormatAndroid (119)
[2017.09.17-17.19.10:791][967]LogModuleManager: Shutting down and abandoning module AudioFormatOpus (117)
[2017.09.17-17.19.10:791][967]LogModuleManager: Shutting down and abandoning module AudioFormatOgg (115)
[2017.09.17-17.19.10:791][967]LogModuleManager: Shutting down and abandoning module AudioFormatADPCM (113)
[2017.09.17-17.19.10:791][967]LogModuleManager: Shutting down and abandoning module LinuxTargetPlatform (111)
[2017.09.17-17.19.10:791][967]LogModuleManager: Shutting down and abandoning module LinuxServerTargetPlatform (109)
[2017.09.17-17.19.10:791][967]LogModuleManager: Shutting down and abandoning module LinuxNoEditorTargetPlatform (107)
[2017.09.17-17.19.10:791][967]LogModuleManager: Shutting down and abandoning module LinuxClientTargetPlatform (105)
[2017.09.17-17.19.10:791][967]LogModuleManager: Shutting down and abandoning module TVOSTargetPlatform (103)
[2017.09.17-17.19.10:791][967]LogModuleManager: Shutting down and abandoning module Messaging (101)
[2017.09.17-17.19.10:791][967]LogModuleManager: Shutting down and abandoning module IOSTargetPlatform (99)
[2017.09.17-17.19.10:791][967]LogModuleManager: Shutting down and abandoning module HTML5TargetPlatform (97)
[2017.09.17-17.19.10:791][967]LogModuleManager: Shutting down and abandoning module Android_PVRTCTargetPlatform (95)
[2017.09.17-17.19.10:791][967]LogModuleManager: Shutting down and abandoning module Android_MultiTargetPlatform (93)
[2017.09.17-17.19.10:791][967]LogModuleManager: Shutting down and abandoning module Android_ETC2TargetPlatform (91)
[2017.09.17-17.19.10:791][967]LogModuleManager: Shutting down and abandoning module Android_ETC1TargetPlatform (89)
[2017.09.17-17.19.10:791][967]LogModuleManager: Shutting down and abandoning module Android_DXTTargetPlatform (87)
[2017.09.17-17.19.10:791][967]LogModuleManager: Shutting down and abandoning module Android_ATCTargetPlatform (85)
[2017.09.17-17.19.10:791][967]LogModuleManager: Shutting down and abandoning module Android_ASTCTargetPlatform (83)
[2017.09.17-17.19.10:791][967]LogModuleManager: Shutting down and abandoning module AndroidTargetPlatform (81)
[2017.09.17-17.19.10:791][967]LogModuleManager: Shutting down and abandoning module WindowsTargetPlatform (79)
[2017.09.17-17.19.10:791][967]LogModuleManager: Shutting down and abandoning module WindowsServerTargetPlatform (77)
[2017.09.17-17.19.10:791][967]LogModuleManager: Shutting down and abandoning module WindowsNoEditorTargetPlatform (75)
[2017.09.17-17.19.10:791][967]LogModuleManager: Shutting down and abandoning module WindowsClientTargetPlatform (73)
[2017.09.17-17.19.10:791][967]LogModuleManager: Shutting down and abandoning module MacTargetPlatform (71)
[2017.09.17-17.19.10:791][967]LogModuleManager: Shutting down and abandoning module MacServerTargetPlatform (69)
[2017.09.17-17.19.10:791][967]LogModuleManager: Shutting down and abandoning module MacNoEditorTargetPlatform (67)
[2017.09.17-17.19.10:792][967]LogModuleManager: Shutting down and abandoning module MacClientTargetPlatform (65)
[2017.09.17-17.19.10:792][967]LogModuleManager: Shutting down and abandoning module AllDesktopTargetPlatform (63)
[2017.09.17-17.19.10:792][967]LogModuleManager: Shutting down and abandoning module InputCore (60)
[2017.09.17-17.19.10:792][967]LogModuleManager: Shutting down and abandoning module Settings (58)
[2017.09.17-17.19.10:792][967]LogModuleManager: Shutting down and abandoning module PhysXCooking (56)
[2017.09.17-17.19.10:792][967]LogModuleManager: Shutting down and abandoning module SteamVR (54)
[2017.09.17-17.19.10:792][967]LogModuleManager: Shutting down and abandoning module OculusHMD (52)
[2017.09.17-17.19.10:792][967]LogModuleManager: Shutting down and abandoning module ExampleDeviceProfileSelector (50)
[2017.09.17-17.19.10:792][967]LogModuleManager: Shutting down and abandoning module OnlineBlueprintSupport (48)
[2017.09.17-17.19.10:792][967]LogModuleManager: Shutting down and abandoning module OnlineSubsystem (44)
[2017.09.17-17.19.10:792][967]LogOnline: Display: Unloading online subsystem: NULL
[2017.09.17-17.19.10:792][967]LogModuleManager: Shutting down and abandoning module XMPP (43)
[2017.09.17-17.19.10:792][967]LogModuleManager: Shutting down and abandoning module HTTP (41)
[2017.09.17-17.19.10:792][967]LogHttp: Display: Http module shutting down, but needs to wait on 1 outstanding Http requests:
[2017.09.17-17.19.10:792][967]LogHttp: Display: 	verb=[POST] url=[https://datarouter.ol.epicgames.com/datarouter/api/v1/public/data?SessionID=%7BBC73043E-4BFB-FBF7-6A9C-6499BF7E7673%7D&AppID=UEEditor.Rocket.Release&AppVersion=4.17.1-3586342%2B%2B%2BUE4%2BRelease-4.17&UserID=2590e8494876bc706b9696bcb3681007%7C493d2c97394041d29aa20e3eb8ceb634%7Cd58fc3d0-2356-4ce5-ab6f-aead9d028048&AppEnvironment=datacollector-binary&UploadType=eteventstream] status=Processing
[2017.09.17-17.19.10:824][967]LogModuleManager: Shutting down and abandoning module SSL (40)
[2017.09.17-17.19.10:825][967]LogModuleManager: Shutting down and abandoning module AnimationModifiers (36)
[2017.09.17-17.19.10:825][967]LogModuleManager: Shutting down and abandoning module PropertyEditor (35)
[2017.09.17-17.19.10:825][967]LogModuleManager: Shutting down and abandoning module AudioEditor (32)
[2017.09.17-17.19.10:826][967]LogModuleManager: Shutting down and abandoning module TextureCompressor (30)
[2017.09.17-17.19.10:826][967]LogModuleManager: Shutting down and abandoning module ShaderCore (28)
[2017.09.17-17.19.10:826][967]LogModuleManager: Shutting down and abandoning module Landscape (26)
[2017.09.17-17.19.10:826][967]LogModuleManager: Shutting down and abandoning module SlateRHIRenderer (24)
[2017.09.17-17.19.10:827][967]LogModuleManager: Shutting down and abandoning module OpenGLDrv (22)
[2017.09.17-17.19.10:827][967]LogModuleManager: Shutting down and abandoning module D3D11RHI (20)
[2017.09.17-17.19.10:827][967]LogModuleManager: Shutting down and abandoning module AnimGraphRuntime (18)
[2017.09.17-17.19.10:827][967]LogModuleManager: Shutting down and abandoning module Renderer (16)
[2017.09.17-17.19.10:828][967]LogModuleManager: Shutting down and abandoning module Engine (14)
[2017.09.17-17.19.10:828][967]LogModuleManager: Shutting down and abandoning module CoreUObject (12)
[2017.09.17-17.19.10:828][967]LogModuleManager: Shutting down and abandoning module NetworkFile (10)
[2017.09.17-17.19.10:828][967]LogModuleManager: Shutting down and abandoning module CookedIterativeFile (8)
[2017.09.17-17.19.10:828][967]LogModuleManager: Shutting down and abandoning module StreamingFile (6)
[2017.09.17-17.19.10:828][967]LogModuleManager: Shutting down and abandoning module SandboxFile (4)
[2017.09.17-17.19.10:828][967]LogModuleManager: Shutting down and abandoning module PakFile (2)
[2017.09.17-17.19.10:830][967]LogExit: Exiting.
[2017.09.17-17.19.10:840][967]Log file closed, 09/17/17 11:19:10
